<?xml version="1.0" encoding="UTF-8"?>
<!-- Generated by org.testng.reporters.JUnitReportReporter -->
<testsuite hostname="PRASHANTH" failures="0" tests="1" name="com.actitime.testscripts.CreateCustomer" time="2.635" errors="0" timestamp="2023-06-05T14:14:44 IST" skipped="0">
  <testcase classname="com.actitime.testscripts.CreateCustomer" name="createCustomer" time="2.635"/>
  <system-out>
    <![CDATA[Created]]>
  </system-out>
</testsuite> <!-- com.actitime.testscripts.CreateCustomer -->
